SF:lib\firebase_options.dart
DA:18,0
DA:20,0
DA:25,0
DA:26,0
DA:28,0
DA:30,0
DA:31,0
DA:35,0
DA:36,0
DA:40,0
DA:41,0
DA:46,0
LF:12
LH:0
end_of_record
SF:lib\src\app_module.dart
DA:4,0
DA:6,0
DA:7,0
DA:8,0
DA:11,1
DA:13,2
DA:14,2
DA:15,2
DA:16,2
DA:17,2
DA:18,2
DA:19,2
DA:20,2
LF:13
LH:9
end_of_record
SF:lib\src\app_widget.dart
DA:4,1
DA:6,1
DA:7,1
DA:11,1
DA:13,2
DA:14,2
DA:15,2
DA:16,1
DA:17,1
DA:20,1
DA:21,1
DA:22,1
DA:23,1
DA:28,2
LF:14
LH:14
end_of_record
SF:lib\src\backend\api.dart
DA:9,0
DA:10,0
DA:11,0
LF:3
LH:0
end_of_record
SF:lib\src\mocks\bible_messages_mocks.dart
DA:179,4
DA:180,1
DA:191,4
DA:192,1
DA:193,1
DA:199,1
DA:200,1
DA:201,1
DA:202,1
DA:203,1
DA:204,1
DA:205,1
DA:206,1
DA:210,0
DA:219,0
LF:15
LH:13
end_of_record
SF:lib\src\modules\auth\auth_module.dart
DA:4,0
DA:5,0
DA:6,0
DA:8,0
DA:10,0
DA:11,0
DA:12,0
DA:13,0
DA:16,1
DA:18,1
DA:19,1
DA:20,1
DA:21,1
DA:22,1
LF:14
LH:6
end_of_record
SF:lib\src\modules\auth\view\pages\auth_options_page.dart
DA:4,5
DA:6,1
DA:7,1
DA:11,1
DA:13,1
DA:14,2
DA:15,2
DA:16,1
DA:17,1
DA:19,1
DA:22,1
DA:24,1
DA:25,2
DA:27,2
DA:37,2
DA:38,1
DA:45,0
DA:46,0
DA:49,2
DA:50,1
DA:52,0
DA:53,0
DA:54,0
DA:55,0
DA:56,0
DA:59,0
DA:60,0
DA:64,0
DA:65,0
DA:67,0
DA:68,0
DA:71,1
DA:72,1
DA:75,1
DA:84,0
LF:35
LH:21
end_of_record
SF:lib\src\modules\auth\view\pages\login_page.dart
DA:4,4
DA:6,0
DA:7,0
DA:14,0
DA:16,0
DA:17,0
DA:18,0
DA:22,0
DA:24,0
DA:25,0
DA:26,0
DA:28,0
DA:29,0
DA:30,0
DA:31,0
DA:32,0
DA:35,0
DA:37,0
DA:38,0
DA:39,0
DA:40,0
DA:41,0
DA:44,0
DA:45,0
DA:46,0
DA:47,0
DA:50,0
DA:51,0
DA:52,0
DA:55,0
DA:58,0
DA:60,0
DA:61,0
DA:72,0
DA:74,0
DA:75,0
DA:76,0
DA:77,0
DA:78,0
DA:81,0
DA:82,0
DA:83,0
DA:84,0
DA:91,0
DA:92,0
DA:95,0
DA:96,0
DA:99,0
DA:100,0
DA:101,0
DA:102,0
DA:118,0
DA:129,0
LF:53
LH:1
end_of_record
SF:lib\src\modules\auth\view\pages\recovery_password_page.dart
DA:4,4
DA:6,0
DA:7,0
DA:16,0
DA:18,0
DA:19,0
DA:20,0
DA:21,0
DA:25,0
DA:26,0
DA:27,0
DA:28,0
DA:29,0
DA:30,0
DA:31,0
DA:34,0
DA:35,0
DA:36,0
DA:37,0
DA:38,0
DA:39,0
DA:41,0
DA:42,0
DA:43,0
DA:44,0
DA:46,0
DA:47,0
DA:48,0
DA:53,0
DA:54,0
DA:55,0
DA:56,0
DA:57,0
DA:58,0
DA:60,0
DA:61,0
DA:62,0
DA:63,0
DA:67,0
DA:68,0
DA:69,0
DA:71,0
DA:72,0
DA:73,0
DA:74,0
DA:78,0
DA:79,0
DA:81,0
DA:82,0
DA:83,0
DA:84,0
DA:85,0
DA:88,0
DA:89,0
DA:93,0
DA:94,0
DA:97,0
DA:98,0
DA:101,0
DA:102,0
DA:103,0
DA:104,0
DA:105,0
DA:106,0
DA:107,0
DA:110,0
DA:115,0
DA:136,0
DA:137,0
LF:69
LH:1
end_of_record
SF:lib\src\modules\auth\view\pages\register_page.dart
DA:4,4
DA:6,0
DA:7,0
DA:23,0
DA:25,0
DA:26,0
DA:27,0
DA:28,0
DA:29,0
DA:30,0
DA:31,0
DA:33,0
DA:34,0
DA:37,0
DA:38,0
DA:39,0
DA:40,0
DA:41,0
DA:42,0
DA:44,0
DA:45,0
DA:46,0
DA:47,0
DA:49,0
DA:50,0
DA:51,0
DA:53,0
DA:54,0
DA:55,0
DA:56,0
DA:58,0
DA:59,0
DA:60,0
DA:64,0
DA:65,0
DA:66,0
DA:67,0
DA:69,0
DA:70,0
DA:71,0
DA:75,0
DA:76,0
DA:78,0
DA:79,0
DA:80,0
DA:81,0
DA:82,0
DA:85,0
DA:86,0
DA:90,0
DA:91,0
DA:94,0
DA:95,0
DA:98,0
DA:99,0
DA:100,0
DA:101,0
DA:102,0
DA:104,0
DA:105,0
DA:106,0
DA:109,0
DA:133,0
DA:134,0
LF:64
LH:1
end_of_record
SF:lib\src\modules\auth\view\pages\send_email_page.dart
DA:4,4
DA:6,0
DA:7,0
DA:13,0
DA:15,0
DA:16,0
DA:17,0
DA:21,0
DA:22,0
DA:23,0
DA:24,0
DA:25,0
DA:26,0
DA:27,0
DA:30,0
DA:31,0
DA:32,0
DA:33,0
DA:34,0
DA:35,0
DA:37,0
DA:47,0
DA:48,0
DA:49,0
DA:50,0
DA:51,0
DA:53,0
DA:54,0
DA:55,0
DA:56,0
DA:57,0
DA:60,0
DA:61,0
DA:65,0
DA:66,0
DA:69,0
DA:70,0
DA:73,0
DA:74,0
DA:75,0
DA:76,0
DA:96,0
DA:97,0
LF:43
LH:1
end_of_record
SF:lib\src\modules\auth\entities\auth_response_entity.dart
DA:4,0
DA:13,0
DA:14,0
DA:15,0
DA:16,0
DA:17,0
DA:18,0
DA:22,0
LF:8
LH:0
end_of_record
SF:lib\src\modules\auth\exceptions\auth_exception.dart
DA:4,0
DA:10,0
LF:2
LH:0
end_of_record
SF:lib\src\modules\auth\data\auth_repository.dart
DA:4,0
DA:10,0
DA:12,0
DA:14,0
DA:15,0
DA:16,0
DA:17,0
DA:20,0
DA:22,0
DA:25,0
DA:27,0
DA:28,0
DA:29,0
DA:30,0
DA:31,0
DA:32,0
DA:33,0
DA:34,0
DA:35,0
DA:37,0
DA:39,0
DA:40,0
DA:41,0
DA:43,0
DA:44,0
DA:47,0
DA:51,0
DA:54,0
DA:56,0
DA:57,0
DA:58,0
DA:59,0
DA:60,0
DA:63,0
DA:65,0
DA:67,0
DA:70,0
DA:73,0
DA:74,0
DA:75,0
DA:76,0
DA:77,0
DA:78,0
DA:79,0
DA:83,0
DA:85,0
DA:88,0
DA:89,0
DA:90,0
DA:92,0
DA:95,0
DA:96,0
DA:97,0
DA:98,0
DA:99,0
DA:101,0
DA:103,0
DA:104,0
DA:105,0
DA:108,0
DA:112,0
DA:114,0
DA:116,0
DA:118,0
DA:121,0
DA:123,0
DA:124,0
DA:125,0
DA:126,0
DA:127,0
DA:128,0
DA:130,0
DA:132,0
DA:133,0
DA:134,0
DA:136,0
DA:139,0
DA:143,0
DA:146,0
DA:147,0
DA:150,0
DA:152,0
DA:153,0
DA:154,0
DA:155,0
DA:156,0
DA:157,0
DA:160,0
DA:162,0
DA:163,0
DA:166,0
DA:170,0
DA:173,0
DA:174,0
DA:175,0
DA:177,0
DA:179,0
DA:180,0
DA:182,0
DA:185,0
DA:189,0
DA:191,0
DA:192,0
DA:193,0
LF:104
LH:0
end_of_record
SF:lib\src\modules\auth\blocs\auth_bloc\auth_states.dart
DA:6,0
DA:7,0
DA:17,0
DA:18,0
DA:19,0
DA:25,0
DA:26,0
DA:27,0
LF:8
LH:0
end_of_record
SF:lib\src\modules\auth\blocs\auth_bloc\auth_events.dart
DA:9,0
DA:15,0
LF:2
LH:0
end_of_record
SF:lib\src\modules\auth\blocs\auth_bloc\auth_bloc.dart
DA:7,3
DA:8,2
DA:9,2
DA:10,2
DA:15,0
DA:16,0
DA:17,0
DA:18,0
DA:19,0
DA:20,0
DA:24,0
DA:25,0
DA:26,0
DA:27,0
DA:28,0
DA:29,0
DA:33,0
DA:34,0
DA:35,0
DA:36,0
LF:20
LH:4
end_of_record
SF:lib\src\modules\auth\entities\auth_entity.dart
DA:9,0
DA:11,0
DA:12,0
DA:13,0
DA:14,0
DA:15,0
DA:19,0
DA:20,0
DA:21,0
DA:22,0
DA:23,0
DA:27,0
DA:29,0
LF:13
LH:0
end_of_record
SF:lib\src\modules\auth\entities\create_user_entity.dart
DA:9,0
DA:11,0
DA:12,0
DA:13,0
DA:14,0
DA:15,0
DA:19,0
DA:20,0
DA:21,0
DA:22,0
DA:23,0
DA:27,0
DA:29,0
LF:13
LH:0
end_of_record
SF:lib\src\modules\auth\blocs\create_user_bloc\create_user_states.dart
DA:4,0
DA:5,0
DA:15,0
DA:21,0
LF:4
LH:0
end_of_record
SF:lib\src\modules\auth\blocs\create_user_bloc\create_user_events.dart
DA:4,0
DA:5,0
DA:11,0
LF:3
LH:0
end_of_record
SF:lib\src\modules\auth\blocs\create_user_bloc\create_user_bloc.dart
DA:7,0
DA:8,0
DA:13,0
DA:14,0
DA:15,0
DA:17,0
DA:18,0
DA:19,0
LF:8
LH:0
end_of_record
SF:lib\src\modules\auth\blocs\recovery_password_bloc\recovery_password_events.dart
DA:4,0
DA:5,0
DA:9,0
DA:14,0
LF:4
LH:0
end_of_record
SF:lib\src\modules\auth\blocs\recovery_password_bloc\recovery_password_states.dart
DA:4,0
DA:5,0
DA:15,0
DA:21,0
DA:27,0
LF:5
LH:0
end_of_record
SF:lib\src\modules\auth\blocs\recovery_password_bloc\recovery_password_bloc.dart
DA:7,0
DA:8,0
DA:9,0
DA:14,0
DA:15,0
DA:16,0
DA:17,0
DA:18,0
DA:19,0
DA:23,0
DA:24,0
DA:25,0
DA:26,0
DA:27,0
DA:28,0
LF:15
LH:0
end_of_record
SF:lib\src\modules\auth\entities\auth_recovery_entity.dart
DA:7,0
LF:1
LH:0
end_of_record
SF:lib\src\services\client\app_http_client.dart
DA:6,0
DA:8,0
DA:11,1
DA:13,2
DA:16,1
DA:18,3
DA:21,0
DA:23,0
LF:8
LH:4
end_of_record
SF:lib\src\shared\base_entities\base_user_entity.dart
DA:10,0
LF:1
LH:0
end_of_record
SF:lib\src\shared\errors\base_exception.dart
DA:4,2
DA:5,2
DA:8,8
LF:3
LH:3
end_of_record
SF:lib\src\modules\bible_messages\bible_messages_module.dart
DA:4,0
DA:5,0
DA:6,0
DA:7,0
DA:10,0
DA:12,0
DA:13,0
DA:14,0
DA:17,1
DA:19,1
DA:20,0
DA:21,0
DA:24,1
DA:25,0
DA:26,0
DA:29,1
DA:30,0
DA:31,0
DA:32,0
DA:33,0
DA:35,1
DA:36,0
DA:37,0
DA:38,0
DA:40,1
DA:41,0
DA:42,0
LF:27
LH:6
end_of_record
SF:lib\src\modules\bible_messages\view\pages\add_messages_page.dart
DA:4,4
DA:6,0
DA:7,0
DA:11,0
DA:13,0
DA:14,0
DA:15,0
DA:16,0
DA:17,0
DA:18,0
DA:19,0
DA:20,0
DA:21,0
DA:22,0
DA:23,0
DA:25,0
DA:27,0
DA:28,0
DA:29,0
DA:32,0
DA:33,0
DA:34,0
DA:35,0
DA:36,0
DA:38,0
DA:40,0
DA:46,0
DA:48,0
DA:50,0
DA:51,0
DA:53,0
DA:54,0
DA:57,0
DA:60,0
DA:62,0
DA:63,0
DA:66,0
DA:77,0
LF:38
LH:1
end_of_record
SF:lib\src\modules\bible_messages\view\pages\message_page.dart
DA:6,0
DA:9,0
DA:10,0
DA:14,0
DA:16,0
DA:17,0
DA:18,0
DA:19,0
DA:20,0
DA:21,0
DA:22,0
DA:24,0
DA:26,0
DA:27,0
DA:28,0
DA:29,0
DA:32,0
DA:33,0
DA:34,0
DA:35,0
DA:36,0
DA:38,0
DA:39,0
DA:40,0
DA:43,0
DA:44,0
DA:46,0
DA:47,0
DA:48,0
DA:49,0
DA:50,0
DA:58,0
DA:59,0
DA:61,0
DA:62,0
DA:64,0
DA:66,0
DA:67,0
DA:68,0
DA:69,0
DA:70,0
DA:80,0
DA:81,0
DA:82,0
DA:83,0
DA:92,0
LF:46
LH:0
end_of_record
SF:lib\src\modules\bible_messages\view\pages\messages_page.dart
DA:5,4
DA:7,0
DA:8,0
DA:15,0
DA:17,0
DA:18,0
DA:19,0
DA:20,0
DA:21,0
DA:22,0
DA:24,0
DA:25,0
DA:26,0
DA:29,0
DA:30,0
DA:31,0
DA:32,0
DA:33,0
DA:35,0
DA:37,0
DA:42,0
DA:48,0
DA:49,0
DA:50,0
DA:51,0
DA:60,0
LF:26
LH:1
end_of_record
SF:lib\src\modules\bible_messages\view\pages\new_message_page.dart
DA:4,4
DA:6,0
DA:7,0
DA:11,0
LF:4
LH:1
end_of_record
SF:lib\src\modules\bible_messages\view\pages\message_generation_page.dart
DA:4,4
DA:6,0
DA:7,0
DA:11,0
DA:12,0
DA:13,0
DA:16,0
DA:18,0
DA:19,0
DA:20,0
DA:23,0
DA:25,0
DA:26,0
DA:27,0
DA:29,0
DA:30,0
DA:32,0
DA:33,0
DA:34,0
DA:35,0
DA:37,0
DA:38,0
DA:39,0
DA:42,0
DA:43,0
DA:44,0
DA:45,0
DA:46,0
DA:48,0
DA:50,0
DA:55,0
DA:56,0
DA:57,0
DA:60,0
DA:62,0
DA:63,0
DA:64,0
DA:67,0
DA:68,0
DA:69,0
DA:72,0
DA:73,0
DA:75,0
DA:76,0
DA:77,0
DA:78,0
DA:79,0
DA:82,0
DA:83,0
DA:86,0
DA:87,0
DA:88,0
DA:93,0
DA:94,0
DA:96,0
DA:97,0
DA:98,0
DA:99,0
DA:100,0
DA:103,0
DA:104,0
DA:105,0
DA:106,0
DA:113,0
DA:114,0
DA:117,0
DA:118,0
DA:121,0
DA:126,0
DA:129,0
DA:134,0
LF:71
LH:1
end_of_record
SF:lib\src\modules\bible_messages\entities\bible_message_entity.dart
DA:15,2
DA:27,0
DA:28,0
DA:29,0
DA:30,0
DA:31,0
DA:32,0
DA:33,0
DA:34,0
DA:35,0
DA:36,0
DA:37,0
DA:41,1
DA:42,1
DA:43,1
DA:44,1
DA:45,1
DA:46,1
DA:47,1
DA:48,1
DA:49,2
DA:50,1
DA:51,1
DA:55,0
DA:57,0
LF:25
LH:12
end_of_record
SF:lib\src\modules\bible_messages\entities\new_message_entity.dart
DA:14,2
DA:25,1
DA:26,1
DA:27,1
DA:28,1
DA:29,1
DA:30,1
DA:31,1
DA:32,1
DA:33,1
DA:34,1
DA:38,0
DA:39,0
DA:40,0
DA:41,0
DA:42,0
DA:43,0
DA:44,0
DA:45,0
DA:46,0
DA:47,0
DA:51,0
DA:53,0
LF:23
LH:11
end_of_record
SF:lib\src\modules\bible_messages\exceptions\bible_message_exception.dart
DA:4,4
DA:10,1
DA:14,0
DA:18,1
DA:22,2
DA:25,0
LF:6
LH:4
end_of_record
SF:lib\src\modules\bible_messages\data\bible_messages_repository.dart
DA:4,1
DA:7,1
DA:10,4
DA:12,1
DA:14,2
DA:15,2
DA:16,1
DA:17,1
DA:19,2
DA:21,0
DA:22,0
DA:26,1
DA:29,2
DA:30,4
DA:31,4
DA:32,2
DA:33,2
DA:35,1
DA:37,1
DA:40,0
DA:42,0
DA:43,0
DA:47,1
DA:49,1
DA:50,2
DA:51,1
DA:53,2
DA:54,2
DA:55,2
DA:56,1
DA:59,1
DA:61,1
DA:66,1
DA:68,1
DA:69,1
DA:71,2
DA:72,1
DA:74,2
DA:75,2
DA:76,1
DA:77,3
DA:78,5
DA:79,1
DA:81,2
DA:82,1
DA:83,1
DA:84,3
DA:87,2
DA:88,2
DA:90,1
DA:95,0
DA:96,0
DA:97,0
LF:53
LH:45
end_of_record
SF:lib\src\modules\bible_messages\data\bible_books.dart
DA:1,0
DA:2,0
DA:3,0
DA:10,0
DA:11,0
DA:18,0
DA:19,0
DA:26,0
DA:27,0
DA:34,0
DA:35,0
DA:42,0
DA:43,0
DA:50,0
DA:51,0
DA:58,0
DA:59,0
DA:66,0
DA:67,0
DA:74,0
DA:75,0
DA:82,0
DA:83,0
DA:90,0
DA:91,0
DA:98,0
DA:99,0
DA:106,0
DA:107,0
DA:114,0
DA:115,0
DA:122,0
DA:123,0
DA:130,0
DA:131,0
DA:138,0
DA:139,0
DA:146,0
DA:147,0
DA:154,0
DA:155,0
DA:162,0
DA:163,0
DA:170,0
DA:171,0
DA:178,0
DA:179,0
DA:186,0
DA:187,0
DA:194,0
DA:195,0
DA:202,0
DA:203,0
DA:210,0
DA:211,0
DA:218,0
DA:219,0
DA:226,0
DA:227,0
DA:234,0
DA:235,0
DA:242,0
DA:243,0
DA:250,0
DA:251,0
DA:258,0
DA:259,0
DA:266,0
DA:267,0
DA:274,0
DA:275,0
DA:282,0
DA:283,0
DA:290,0
DA:291,0
DA:298,0
DA:299,0
DA:306,0
DA:307,0
DA:314,0
DA:315,0
DA:322,0
DA:323,0
DA:330,0
DA:331,0
DA:338,0
DA:339,0
DA:346,0
DA:347,0
DA:354,0
DA:355,0
DA:362,0
DA:363,0
DA:370,0
DA:371,0
DA:378,0
DA:379,0
DA:386,0
DA:387,0
DA:394,0
DA:395,0
DA:402,0
DA:403,0
DA:410,0
DA:411,0
DA:418,0
DA:419,0
DA:426,0
DA:427,0
DA:434,0
DA:435,0
DA:442,0
DA:443,0
DA:450,0
DA:451,0
DA:458,0
DA:459,0
DA:466,0
DA:467,0
DA:474,0
DA:475,0
DA:482,0
DA:483,0
DA:490,0
DA:491,0
DA:498,0
DA:499,0
DA:506,0
DA:507,0
DA:514,0
DA:515,0
DA:522,0
DA:523,0
LF:133
LH:0
end_of_record
SF:lib\src\shared\widgets\form\app_drop_down.dart
DA:6,0
DA:22,0
DA:23,0
DA:28,0
DA:30,0
DA:31,0
DA:32,0
DA:33,0
DA:34,0
DA:35,0
DA:36,0
DA:38,0
DA:39,0
DA:40,0
DA:43,0
DA:46,0
DA:48,0
DA:49,0
DA:50,0
DA:51,0
DA:52,0
DA:53,0
DA:54,0
DA:56,0
DA:58,0
DA:61,0
LF:26
LH:0
end_of_record
SF:lib\src\modules\bible_messages\entities\bible_book_entity.dart
DA:14,0
DA:23,0
DA:24,0
DA:25,0
DA:26,0
DA:27,0
DA:28,0
DA:29,0
DA:30,0
DA:34,0
DA:35,0
DA:36,0
DA:37,0
DA:38,0
DA:39,0
DA:40,0
DA:41,0
DA:45,0
DA:47,0
LF:19
LH:0
end_of_record
SF:lib\src\modules\bible_messages\blocs\bible_book_cubit\bible_book_cubit.dart
DA:4,0
DA:8,0
DA:9,0
DA:10,0
DA:11,0
DA:12,0
DA:13,0
DA:14,0
DA:15,0
DA:16,0
DA:17,0
LF:11
LH:0
end_of_record
SF:lib\src\modules\bible_messages\blocs\bible_messages_bloc\bible_messages_states.dart
DA:13,1
DA:19,1
LF:2
LH:2
end_of_record
SF:lib\src\modules\bible_messages\blocs\bible_messages_bloc\bible_messages_events.dart
DA:7,1
DA:8,3
DA:15,1
DA:16,3
LF:4
LH:4
end_of_record
SF:lib\src\modules\bible_messages\blocs\bible_messages_bloc\bible_messages_bloc.dart
DA:7,3
DA:8,2
DA:9,2
DA:14,1
DA:15,2
DA:16,3
DA:17,1
DA:18,4
DA:19,3
DA:22,1
DA:23,2
DA:24,3
DA:25,1
DA:26,4
DA:27,3
LF:15
LH:15
end_of_record
SF:lib\src\modules\bible_messages\entities\abbreviation.dart
DA:8,0
DA:13,0
DA:14,0
DA:15,0
DA:16,0
DA:20,0
DA:21,0
DA:22,0
DA:23,0
DA:27,0
DA:29,0
LF:11
LH:0
end_of_record
SF:lib\src\modules\bible_messages\view\widgets\message_menu_widget.dart
DA:6,4
DA:8,0
DA:9,0
DA:15,0
DA:18,0
DA:20,0
DA:24,0
DA:26,0
DA:27,0
DA:28,0
DA:29,0
DA:30,0
DA:32,0
DA:33,0
DA:40,0
DA:41,0
DA:42,0
DA:43,0
DA:45,0
DA:47,0
DA:48,0
DA:49,0
DA:50,0
DA:51,0
DA:53,0
DA:54,0
DA:57,0
DA:58,0
DA:61,0
DA:63,0
DA:67,0
DA:69,0
DA:78,0
DA:79,0
DA:80,0
DA:81,0
DA:82,0
DA:84,0
DA:85,0
DA:86,0
DA:89,0
DA:90,0
DA:93,0
DA:95,0
DA:99,0
DA:101,0
DA:108,0
DA:109,0
DA:111,0
DA:112,0
DA:113,0
DA:115,0
DA:116,0
DA:117,0
DA:118,0
DA:119,0
DA:120,0
DA:121,0
DA:122,0
DA:126,0
DA:127,0
DA:128,0
DA:129,0
DA:130,0
DA:131,0
DA:132,0
LF:66
LH:1
end_of_record
SF:lib\src\modules\bible_messages\view\widgets\bible_message_widget.dart
DA:4,0
DA:8,0
DA:10,0
DA:11,0
DA:12,0
DA:13,0
DA:14,0
DA:15,0
DA:16,0
DA:17,0
DA:18,0
DA:19,0
DA:20,0
DA:21,0
DA:24,0
DA:26,0
DA:27,0
DA:29,0
DA:32,0
DA:33,0
DA:44,0
DA:45,0
DA:46,0
DA:55,0
DA:57,0
DA:60,0
DA:61,0
DA:63,0
DA:67,0
DA:69,0
DA:74,0
DA:76,0
LF:32
LH:0
end_of_record
SF:lib\src\shared\widgets\form\app_search_widget.dart
DA:4,0
DA:7,0
DA:8,0
DA:12,0
DA:14,0
DA:15,0
DA:16,0
DA:17,0
DA:18,0
DA:22,0
DA:23,0
DA:24,0
DA:27,0
DA:28,0
DA:29,0
DA:30,0
DA:34,0
DA:35,0
DA:36,0
DA:38,0
DA:40,0
DA:42,0
DA:47,0
DA:48,0
DA:50,0
DA:51,0
DA:53,0
DA:56,0
LF:28
LH:0
end_of_record
SF:lib\src\modules\departments\departments_module.dart
DA:7,1
DA:9,1
DA:10,1
DA:11,1
LF:4
LH:4
end_of_record
SF:lib\src\modules\departments\view\pages\add_departments_page.dart
DA:4,4
DA:6,0
DA:7,0
DA:11,0
LF:4
LH:1
end_of_record
SF:lib\src\modules\departments\view\pages\department_page.dart
DA:4,4
DA:6,0
DA:7,0
DA:11,0
LF:4
LH:1
end_of_record
SF:lib\src\modules\departments\view\pages\departments_page.dart
DA:4,4
DA:6,0
DA:7,0
DA:11,0
LF:4
LH:1
end_of_record
SF:lib\src\modules\home\entities\timeline\home_event_entity.dart
DA:4,0
DA:5,0
LF:2
LH:0
end_of_record
SF:lib\src\modules\home\entities\timeline\home_message_entity.dart
DA:4,0
DA:5,0
LF:2
LH:0
end_of_record
SF:lib\src\modules\home\entities\timeline\home_post_entity.dart
DA:4,0
DA:5,0
LF:2
LH:0
end_of_record
SF:lib\src\modules\home\entities\users\admin_entity.dart
DA:4,0
LF:1
LH:0
end_of_record
SF:lib\src\modules\home\entities\users\member_entity.dart
DA:4,0
LF:1
LH:0
end_of_record
SF:lib\src\modules\home\home_module.dart
DA:4,0
DA:5,0
DA:6,0
DA:8,1
DA:10,1
DA:11,1
DA:12,1
DA:13,1
DA:14,1
LF:9
LH:6
end_of_record
SF:lib\src\modules\home\view\pages\add_events_page.dart
DA:4,4
DA:6,0
DA:7,0
DA:12,0
DA:14,0
DA:15,0
DA:16,0
DA:17,0
DA:18,0
DA:19,0
DA:20,0
DA:23,0
DA:25,0
DA:26,0
DA:27,0
DA:30,0
DA:31,0
DA:32,0
DA:33,0
DA:34,0
DA:36,0
DA:37,0
DA:39,0
DA:43,0
DA:44,0
DA:45,0
DA:53,0
DA:54,0
DA:55,0
DA:56,0
DA:58,0
DA:59,0
DA:60,0
DA:61,0
DA:63,0
DA:64,0
DA:65,0
DA:67,0
DA:72,0
DA:73,0
DA:81,0
DA:86,0
LF:42
LH:1
end_of_record
SF:lib\src\modules\home\view\pages\home_page.dart
DA:4,4
DA:6,0
DA:7,0
DA:10,0
DA:11,0
DA:12,0
DA:13,0
DA:14,0
DA:15,0
DA:16,0
DA:17,0
DA:18,0
DA:19,0
DA:20,0
DA:21,0
DA:22,0
DA:23,0
DA:24,0
DA:25,0
DA:26,0
DA:27,0
DA:28,0
DA:29,0
DA:30,0
DA:31,0
DA:32,0
DA:33,0
DA:34,0
DA:35,0
DA:36,0
DA:37,0
DA:38,0
DA:39,0
DA:40,0
DA:41,0
DA:42,0
DA:43,0
DA:44,0
DA:45,0
DA:46,0
DA:47,0
DA:48,0
DA:49,0
DA:50,0
DA:51,0
DA:52,0
DA:53,0
DA:57,0
DA:59,0
DA:60,0
DA:61,0
DA:62,0
DA:63,0
DA:64,0
DA:66,0
DA:67,0
DA:68,0
DA:71,0
DA:72,0
DA:73,0
DA:74,0
DA:75,0
DA:77,0
DA:79,0
DA:84,0
DA:85,0
DA:86,0
DA:87,0
DA:88,0
DA:89,0
DA:90,0
DA:92,0
DA:94,0
DA:96,0
DA:98,0
DA:100,0
DA:110,0
DA:111,0
DA:112,0
DA:113,0
DA:122,0
LF:81
LH:1
end_of_record
SF:lib\src\modules\home\view\pages\profile_page.dart
DA:4,4
DA:6,0
DA:7,0
DA:11,0
LF:4
LH:1
end_of_record
SF:lib\src\modules\home\view\pages\notifications_page.dart
DA:4,4
DA:6,0
DA:7,0
DA:11,0
DA:13,0
DA:14,0
DA:15,0
DA:16,0
DA:17,0
DA:18,0
DA:19,0
DA:21,0
DA:31,0
DA:34,0
DA:35,0
DA:36,0
DA:37,0
DA:38,0
DA:39,0
DA:40,0
DA:41,0
DA:50,0
DA:51,0
DA:52,0
DA:54,0
DA:55,0
DA:57,0
DA:58,0
DA:60,0
DA:65,0
DA:67,0
DA:74,0
DA:75,0
DA:76,0
DA:78,0
DA:84,0
DA:86,0
DA:87,0
DA:89,0
DA:100,0
DA:107,0
DA:108,0
DA:113,0
DA:118,0
DA:123,0
DA:128,0
DA:133,0
LF:47
LH:1
end_of_record
SF:lib\src\modules\home\view\pages\event_page.dart
DA:5,4
DA:7,0
DA:8,0
DA:13,0
DA:15,0
DA:16,0
DA:17,0
DA:18,0
DA:19,0
DA:20,0
DA:21,0
DA:23,0
DA:24,0
DA:25,0
DA:28,0
DA:29,0
DA:30,0
DA:31,0
DA:32,0
DA:34,0
DA:35,0
DA:37,0
DA:41,0
DA:42,0
DA:43,0
DA:51,0
DA:52,0
DA:53,0
DA:57,0
DA:58,0
DA:66,0
DA:71,0
LF:32
LH:1
end_of_record
SF:lib\src\modules\home\view\widgets\reactions_widget.dart
DA:4,12
DA:6,0
DA:8,0
DA:9,0
DA:10,0
DA:12,0
DA:13,0
DA:15,0
DA:17,0
DA:18,0
DA:19,0
DA:20,0
DA:21,0
DA:26,0
DA:31,0
DA:32,0
DA:33,0
DA:34,0
DA:39,0
DA:44,0
DA:45,0
DA:46,0
DA:47,0
DA:52,0
LF:24
LH:1
end_of_record
SF:lib\src\modules\home\view\widgets\event_type_widget.dart
DA:5,0
DA:9,0
DA:11,0
DA:12,0
DA:13,0
DA:14,0
DA:15,0
DA:16,0
DA:17,0
DA:19,0
DA:20,0
DA:21,0
DA:23,0
DA:25,0
DA:28,0
DA:29,0
DA:30,0
DA:32,0
DA:43,0
DA:44,0
DA:45,0
DA:46,0
DA:47,0
DA:48,0
DA:51,0
DA:52,0
DA:54,0
DA:56,0
DA:58,0
DA:63,0
DA:64,0
DA:65,0
DA:66,0
DA:67,0
DA:68,0
DA:70,0
DA:73,0
DA:76,0
DA:77,0
DA:78,0
DA:87,0
DA:88,0
DA:89,0
DA:91,0
DA:94,0
LF:45
LH:0
end_of_record
SF:lib\src\modules\home\view\widgets\message_type_widget.dart
DA:5,0
DA:9,0
DA:11,0
DA:12,0
DA:13,0
DA:14,0
DA:15,0
DA:16,0
DA:17,0
DA:18,0
DA:21,0
DA:22,0
DA:23,0
DA:25,0
DA:26,0
DA:27,0
DA:28,0
DA:40,0
DA:41,0
DA:43,0
DA:44,0
DA:46,0
DA:47,0
DA:48,0
DA:49,0
DA:51,0
DA:56,0
DA:63,0
DA:65,0
LF:29
LH:0
end_of_record
SF:lib\src\modules\home\view\widgets\post_type_widget.dart
DA:5,0
DA:9,0
DA:11,0
DA:12,0
DA:13,0
DA:14,0
DA:15,0
DA:16,0
DA:17,0
DA:20,0
DA:21,0
DA:22,0
DA:24,0
DA:25,0
DA:26,0
DA:27,0
DA:39,0
DA:40,0
DA:42,0
DA:43,0
DA:44,0
DA:45,0
DA:47,0
DA:50,0
DA:52,0
LF:25
LH:0
end_of_record
SF:lib\src\modules\home\view\widgets\month_title_widget.dart
DA:4,8
DA:6,0
DA:8,0
DA:9,0
DA:10,0
DA:11,0
DA:12,0
DA:13,0
DA:14,0
DA:16,0
DA:18,0
DA:19,0
DA:21,0
DA:25,0
DA:26,0
DA:27,0
DA:40,0
DA:41,0
DA:43,0
DA:44,0
DA:45,0
DA:47,0
DA:48,0
DA:50,0
DA:51,0
DA:53,0
DA:54,0
DA:56,0
DA:57,0
DA:59,0
DA:60,0
DA:62,0
DA:63,0
DA:65,0
DA:66,0
DA:68,0
DA:69,0
DA:71,0
DA:72,0
DA:74,0
DA:75,0
DA:77,0
DA:78,0
LF:43
LH:1
end_of_record
SF:lib\src\modules\posts\posts_module.dart
DA:4,0
DA:5,0
DA:6,0
DA:8,1
DA:10,1
DA:11,1
DA:12,1
LF:7
LH:4
end_of_record
SF:lib\src\modules\posts\view\pages\add_posts_page.dart
DA:4,4
DA:6,0
DA:7,0
DA:11,0
LF:4
LH:1
end_of_record
SF:lib\src\modules\posts\view\pages\post_page.dart
DA:4,4
DA:6,0
DA:7,0
DA:11,0
LF:4
LH:1
end_of_record
SF:lib\src\modules\posts\view\pages\posts_page.dart
DA:4,4
DA:6,0
DA:7,0
DA:11,0
DA:13,0
DA:14,0
DA:15,0
DA:16,0
DA:18,0
DA:19,0
DA:20,0
DA:21,0
DA:22,0
DA:23,0
DA:32,0
LF:15
LH:1
end_of_record
SF:lib\src\modules\scheduling\scheduling_module.dart
DA:4,1
DA:6,1
DA:7,1
DA:8,1
LF:4
LH:4
end_of_record
SF:lib\src\modules\scheduling\view\pages\add_schedule_page.dart
DA:4,4
DA:6,0
DA:7,0
DA:11,0
LF:4
LH:1
end_of_record
SF:lib\src\modules\scheduling\view\pages\schedule_page.dart
DA:4,4
DA:6,0
DA:7,0
DA:11,0
LF:4
LH:1
end_of_record
SF:lib\src\modules\scheduling\view\pages\schedules_page.dart
DA:4,4
DA:6,0
DA:7,0
DA:11,0
LF:4
LH:1
end_of_record
SF:lib\src\modules\splash\splash_module.dart
DA:4,1
DA:6,2
LF:2
LH:2
end_of_record
SF:lib\src\modules\splash\splash_page.dart
DA:4,4
DA:6,1
DA:7,1
DA:11,1
DA:13,1
DA:14,2
DA:15,1
DA:16,0
DA:17,0
DA:19,0
DA:21,0
DA:26,1
LF:12
LH:8
end_of_record
SF:lib\src\modules\splash\widgets\logo_widget.dart
DA:4,8
DA:6,2
DA:8,4
DA:9,2
DA:11,2
DA:12,2
DA:13,2
DA:14,2
DA:16,4
DA:24,4
DA:25,2
DA:65,2
LF:12
LH:12
end_of_record
SF:lib\src\modules\warnings\view\pages\add_warnings_page.dart
DA:4,4
DA:6,0
DA:7,0
DA:12,0
DA:14,0
DA:15,0
DA:16,0
DA:17,0
DA:18,0
DA:19,0
DA:21,0
DA:22,0
DA:23,0
DA:26,0
DA:27,0
DA:28,0
DA:29,0
DA:31,0
DA:32,0
DA:33,0
DA:35,0
DA:36,0
DA:37,0
DA:38,0
DA:40,0
DA:41,0
DA:42,0
DA:44,0
DA:50,0
DA:51,0
DA:52,0
DA:60,0
DA:65,0
LF:33
LH:1
end_of_record
SF:lib\src\modules\warnings\view\pages\wanings_page.dart
DA:4,4
DA:6,0
DA:7,0
DA:11,0
DA:13,0
DA:14,0
DA:15,0
DA:16,0
DA:18,0
DA:20,0
DA:21,0
DA:22,0
DA:25,0
DA:26,0
DA:27,0
DA:28,0
DA:30,0
DA:31,0
DA:46,0
DA:47,0
DA:48,0
DA:49,0
DA:50,0
DA:60,0
LF:24
LH:1
end_of_record
SF:lib\src\modules\warnings\view\widgets\announcement_check_box.dart
DA:4,4
DA:6,0
DA:7,0
DA:11,0
DA:13,0
DA:14,0
DA:15,0
DA:16,0
DA:17,0
DA:18,0
DA:19,0
DA:20,0
DA:21,0
LF:13
LH:1
end_of_record
SF:lib\src\modules\warnings\view\widgets\announcement_widget.dart
DA:4,4
DA:6,0
DA:8,0
DA:9,0
DA:10,0
DA:11,0
DA:12,0
DA:13,0
DA:14,0
DA:15,0
DA:16,0
DA:17,0
DA:20,0
DA:21,0
DA:22,0
DA:23,0
DA:24,0
DA:27,0
DA:29,0
DA:33,0
DA:34,0
DA:35,0
DA:36,0
DA:47,0
DA:48,0
DA:49,0
DA:51,0
DA:52,0
DA:54,0
DA:55,0
DA:57,0
DA:61,0
DA:62,0
DA:63,0
DA:71,0
DA:72,0
DA:73,0
DA:75,0
DA:78,0
DA:80,0
LF:40
LH:1
end_of_record
SF:lib\src\modules\warnings\warnings_module.dart
DA:4,0
DA:5,0
DA:6,0
DA:8,1
DA:10,1
DA:11,1
LF:6
LH:3
end_of_record
SF:lib\src\shared\widgets\date\app_date_widget.dart
DA:6,12
DA:8,0
DA:10,0
DA:11,0
DA:12,0
DA:13,0
DA:14,0
DA:15,0
DA:16,0
DA:17,0
DA:18,0
DA:20,0
DA:21,0
DA:22,0
DA:24,0
DA:25,0
DA:27,0
DA:31,0
DA:32,0
DA:33,0
DA:39,0
DA:40,0
DA:42,0
DA:44,0
DA:45,0
DA:46,0
DA:48,0
DA:49,0
DA:50,0
DA:51,0
DA:52,0
DA:56,0
DA:57,0
DA:58,0
DA:65,0
DA:67,0
DA:68,0
DA:69,0
DA:71,0
DA:72,0
DA:73,0
DA:74,0
DA:78,0
DA:79,0
DA:80,0
DA:81,0
DA:82,0
DA:83,0
DA:84,0
DA:85,0
DA:87,0
DA:91,0
DA:92,0
DA:93,0
DA:94,0
DA:111,0
DA:112,0
DA:113,0
DA:114,0
DA:115,0
DA:116,0
DA:118,0
DA:119,0
DA:120,0
DA:125,0
DA:126,0
DA:128,0
DA:129,0
DA:130,0
DA:132,0
DA:133,0
DA:135,0
DA:136,0
DA:138,0
DA:139,0
DA:141,0
DA:142,0
DA:144,0
DA:145,0
DA:147,0
DA:148,0
DA:150,0
DA:151,0
DA:153,0
DA:154,0
DA:156,0
DA:157,0
DA:159,0
DA:160,0
DA:162,0
DA:163,0
DA:172,0
DA:173,0
DA:174,0
DA:175,0
DA:176,0
DA:177,0
LF:97
LH:1
end_of_record
SF:lib\src\shared\widgets\buttons\app_button.dart
DA:4,1
DA:33,1
DA:35,1
DA:36,1
DA:37,1
DA:38,1
DA:39,1
DA:40,1
DA:41,1
DA:42,1
DA:43,1
DA:44,2
DA:45,3
DA:47,1
DA:49,1
DA:51,1
DA:52,2
DA:53,1
DA:54,1
DA:55,0
DA:56,1
DA:57,1
DA:58,3
LF:23
LH:22
end_of_record
SF:lib\src\shared\widgets\form\app_text_field.dart
DA:5,0
DA:26,0
DA:28,0
DA:30,0
DA:31,0
DA:32,0
DA:33,0
DA:35,0
DA:36,0
DA:37,0
DA:43,0
DA:45,0
DA:50,0
DA:52,0
DA:54,0
DA:55,0
DA:56,0
DA:57,0
DA:58,0
DA:68,0
DA:69,0
DA:70,0
LF:22
LH:0
end_of_record
SF:lib\src\shared\widgets\logo_component.dart
DA:5,0
DA:10,0
DA:12,0
DA:13,0
DA:14,0
DA:15,0
DA:16,0
DA:17,0
DA:18,0
LF:9
LH:0
end_of_record
SF:lib\src\shared\widgets\form\text_field_label.dart
DA:5,0
DA:8,0
DA:10,0
DA:12,0
DA:13,0
DA:14,0
DA:17,0
LF:7
LH:0
end_of_record
SF:lib\src\shared\widgets\appbar\app_bar_widget.dart
DA:4,0
DA:6,0
DA:8,0
DA:9,0
DA:10,0
DA:14,0
DA:15,0
DA:16,0
DA:17,0
DA:20,0
DA:21,0
DA:23,0
DA:24,0
DA:25,0
DA:27,0
DA:29,0
DA:36,0
DA:37,0
DA:38,0
LF:19
LH:0
end_of_record
SF:lib\src\shared\widgets\navigation\app_nav_bar_widget.dart
DA:5,0
DA:8,0
DA:9,0
DA:12,0
DA:13,0
DA:14,0
DA:15,0
DA:17,0
DA:18,0
DA:23,0
DA:25,0
DA:26,0
DA:29,0
DA:31,0
DA:34,0
DA:40,0
DA:75,0
DA:76,0
DA:77,0
DA:80,0
DA:81,0
DA:83,0
DA:84,0
DA:86,0
DA:87,0
DA:89,0
DA:90,0
LF:27
LH:0
end_of_record
SF:lib\src\shared\widgets\navigation\app_drawer.dart
DA:5,0
DA:7,0
DA:9,0
DA:10,0
DA:11,0
DA:12,0
DA:13,0
DA:14,0
DA:15,0
DA:16,0
DA:17,0
DA:18,0
DA:19,0
DA:20,0
DA:21,0
DA:22,0
DA:25,0
DA:26,0
DA:27,0
DA:28,0
DA:30,0
DA:31,0
DA:32,0
DA:34,0
DA:35,0
DA:36,0
DA:37,0
DA:39,0
DA:45,0
DA:46,0
DA:47,0
DA:48,0
DA:49,0
DA:50,0
DA:52,0
DA:58,0
DA:59,0
DA:60,0
DA:61,0
DA:62,0
DA:63,0
DA:65,0
DA:71,0
DA:72,0
DA:73,0
DA:74,0
DA:75,0
DA:76,0
DA:78,0
DA:85,0
DA:86,0
LF:51
LH:0
end_of_record
